Arguments: 
  /Users/salaryhero/.nvm/versions/node/v16.16.0/bin/node /Users/salaryhero/.nvm/versions/node/v16.16.0/bin/yarn add pippeteer

PATH: 
  /Users/salaryhero/.docker/bin:/Users/salaryhero/.nvm/versions/node/v16.16.0/bin:/path/to/python:/opt/homebrew/opt/libpq/bin:/Users/salaryhero/bin:/usr/local/bin:/Users/salaryhero/.gem/bin:/Library/Frameworks/Python.framework/Versions/3.11/bin:/opt/homebrew/bin:/opt/homebrew/sbin:/usr/local/bin:/System/Cryptexes/App/usr/bin:/usr/bin:/bin:/usr/sbin:/sbin:/Library/Apple/usr/bin:/Users/salaryhero/.docker/bin:/path/to/python:/opt/homebrew/opt/libpq/bin:/Users/salaryhero/bin:/Users/salaryhero/.gem/bin:/Library/Frameworks/Python.framework/Versions/3.11/bin:/opt/homebrew/bin:/opt/homebrew/sbin:/Users/salaryhero/Library/Android/sdk/emulator:/Users/salaryhero/Library/Android/sdk/platform-tools:/Users/salaryhero/self-script/opt:/Users/salaryhero/Library/Android/sdk/emulator:/Users/salaryhero/Library/Android/sdk/platform-tools:/Users/salaryhero/self-script/opt

Yarn version: 
  1.22.19

Node version: 
  16.16.0

Platform: 
  darwin arm64

Trace: 
  Error: https://registry.yarnpkg.com/pippeteer: Not found
      at Request.params.callback [as _callback] (/Users/salaryhero/.nvm/versions/node/v16.16.0/lib/node_modules/yarn/lib/cli.js:66145:18)
      at Request.self.callback (/Users/salaryhero/.nvm/versions/node/v16.16.0/lib/node_modules/yarn/lib/cli.js:140890:22)
      at Request.emit (node:events:527:28)
      at Request.<anonymous> (/Users/salaryhero/.nvm/versions/node/v16.16.0/lib/node_modules/yarn/lib/cli.js:141862:10)
      at Request.emit (node:events:527:28)
      at IncomingMessage.<anonymous> (/Users/salaryhero/.nvm/versions/node/v16.16.0/lib/node_modules/yarn/lib/cli.js:141784:12)
      at Object.onceWrapper (node:events:641:28)
      at IncomingMessage.emit (node:events:539:35)
      at endReadableNT (node:internal/streams/readable:1345:12)
      at processTicksAndRejections (node:internal/process/task_queues:83:21)

npm manifest: 
  {
    "name": "pdf-example",
    "version": "1.0.0",
    "description": "",
    "main": "index.js",
    "scripts": {
      "test": "echo \"Error: no test specified\" && exit 1"
    },
    "author": "",
    "license": "ISC"
  }

yarn manifest: 
  No manifest

Lockfile: 
  No lockfile
